
Showing logs for build [32mcb-kubecd-environment-pr-158-13-mns9h-1[0m stage [32mfrom-build-pack[0m and container [32mstep-credential-initializer-lqn7r[0m
{"level":"warn","ts":1581612470.190537,"logger":"fallback-logger","caller":"logging/config.go:69","msg":"Fetch GitHub commit ID from kodata failed: \"ref: refs/heads/0.8.0-**-support-backwards-incompats\" is not a valid GitHub commit ID"}
{"level":"info","ts":1581612470.1909022,"logger":"fallback-logger","caller":"creds-init/main.go:40","msg":"Credentials initialized."}

Showing logs for build [32mcb-kubecd-environment-pr-158-13-mns9h-1[0m stage [32mfrom-build-pack[0m and container [32mstep-working-dir-initializer-gl99w[0m
{"level":"warn","ts":1581612471.1708744,"logger":"fallback-logger","caller":"logging/config.go:69","msg":"Fetch GitHub commit ID from kodata failed: open /var/run/ko/HEAD: no such file or directory"}
{"level":"info","ts":1581612471.1717455,"logger":"fallback-logger","caller":"bash/main.go:64","msg":"Successfully executed command \"sh -c mkdir -p /workspace/source\"; output "}

Showing logs for build [32mcb-kubecd-environment-pr-158-13-mns9h-1[0m stage [32mfrom-build-pack[0m and container [32mstep-place-tools[0m

Showing logs for build [32mcb-kubecd-environment-pr-158-13-mns9h-1[0m stage [32mfrom-build-pack[0m and container [32mstep-git-source-cb-kubecd-environment-pr-158-13-mns9h-djz79[0m
{"level":"warn","ts":1581612476.2635617,"logger":"fallback-logger","caller":"logging/config.go:69","msg":"Fetch GitHub commit ID from kodata failed: \"ref: refs/heads/0.8.0-**-support-backwards-incompats\" is not a valid GitHub commit ID"}
{"level":"info","ts":1581612476.4648907,"logger":"fallback-logger","caller":"git/git.go:103","msg":"Successfully cloned https://github.com/cb-kubecd/environment-pr-158-13-boot-eks-production.git @ master in path /workspace/source"}

Showing logs for build [32mcb-kubecd-environment-pr-158-13-mns9h-1[0m stage [32mfrom-build-pack[0m and container [32mstep-git-merge[0m
Using SHAs from PULL_REFS=master:74922a8171eaf8e820aa03febc121b0637e6e117,1:bf6eb8b22c1b1f6720beb96ea1924d4becff63dd
DEBUG: LC_ALL=C JX_LOG_LEVEL=error git fetch origin --unshallow bf6eb8b22c1b1f6720beb96ea1924d4becff63dd: 74922a8171eaf8e820aa03febc121b0637e6e117:
DEBUG: ran git fetch --unshallow origin bf6eb8b22c1b1f6720beb96ea1924d4becff63dd: 74922a8171eaf8e820aa03febc121b0637e6e117: in 
DEBUG: LC_ALL=C JX_LOG_LEVEL=error git branch
DEBUG: LC_ALL=C JX_LOG_LEVEL=error git checkout master
DEBUG: ran git checkout master in 
DEBUG: LC_ALL=C JX_LOG_LEVEL=error git reset --hard 74922a8171eaf8e820aa03febc121b0637e6e117
DEBUG: ran git reset --hard 74922a8171eaf8e820aa03febc121b0637e6e117 in 
DEBUG: JX_LOG_LEVEL=error LC_ALL=C git clean -fd .
DEBUG: ran clean --force -d . in 
DEBUG: LC_ALL=C JX_LOG_LEVEL=error git merge bf6eb8b22c1b1f6720beb96ea1924d4becff63dd
DEBUG: ran git merge bf6eb8b22c1b1f6720beb96ea1924d4becff63dd in 
DEBUG: LC_ALL=C JX_LOG_LEVEL=error git log --format=%H%x1f%an%x1f%ae%x1f%cn%x1f%ce%x1f%s%n%b%x1e 74922a8171eaf8e820aa03febc121b0637e6e117..HEAD
Merged SHA bf6eb8b22c1b1f6720beb96ea1924d4becff63dd with commit message 'chore: Promote bdd-spring-1581611118 to version 0.0.1' into base branch master

Showing logs for build [32mcb-kubecd-environment-pr-158-13-mns9h-1[0m stage [32mfrom-build-pack[0m and container [32mstep-build-helm-build[0m
WARNING: No $CHART_REPOSITORY defined so using the default value of: http://jenkins-x-chartmuseum:8080
Adding missing Helm repo: storage.googleapis.com https://storage.googleapis.com/chartmuseum.jenkins-x.io
WARNING: No secrets found on "helm/repos" due: reading the secret "helm/repos" from vault: no secret "helm/repos" not found in vault
Read credentials for https://storage.googleapis.com/chartmuseum.jenkins-x.io from vault helm/repos
Successfully added Helm repository storage.googleapis.com.
Adding missing Helm repo: jenkins-x-chartmuseum http://jenkins-x-chartmuseum:8080
WARNING: No secrets found on "helm/repos" due: reading the secret "helm/repos" from vault: no secret "helm/repos" not found in vault
Read credentials for http://jenkins-x-chartmuseum:8080 from vault helm/repos
Successfully added Helm repository jenkins-x-chartmuseum.
WARNING: No $CHART_REPOSITORY defined so using the default value of: http://jenkins-x-chartmuseum:8080
Adding missing Helm repo: chartmuseum.jenkins-x.io http://chartmuseum.jenkins-x.io
WARNING: No secrets found on "helm/repos" due: reading the secret "helm/repos" from vault: no secret "helm/repos" not found in vault
Read credentials for http://chartmuseum.jenkins-x.io from vault helm/repos
Successfully added Helm repository chartmuseum.jenkins-x.io.
